[19:54:36 clock: 74 TID: 1 spec: BODY state: ACQUIRE_SKELETON] Broadcasting REQUEST_SKELETON.

[19:54:36 clock: 76 TID: 2 spec: TAIL state: AWAITING_START] Got REQUEST_SKELETON from 1, sent ACK_SKELETON

[19:54:36 clock: 76 TID: 5 spec: TAIL state: AWAITING_JOB] Got REQUEST_SKELETON from 1, sent ACK_SKELETON

[19:54:36 clock: 76 TID: 6 spec: HEAD state: AWAITING_JOB] Got REQUEST_SKELETON from 1, sent ACK_SKELETON

[19:54:36 clock: 76 TID: 4 spec: BODY state: AWAITING_JOB] Got REQUEST_SKELETON from 1, sent ACK_SKELETON

[19:54:36 clock: 76 TID: 7 spec: BODY state: AWAITING_JOB] Got REQUEST_SKELETON from 1, sent ACK_SKELETON

[19:54:36 clock: 76 TID: 8 spec: TAIL state: AWAITING_JOB] Got REQUEST_SKELETON from 1, sent ACK_SKELETON

[19:54:36 clock: 76 TID: 9 spec: HEAD state: AWAITING_JOB] Got REQUEST_SKELETON from 1, sent ACK_SKELETON

[19:54:36 clock: 76 TID: 10 spec: BODY state: AWAITING_JOB] Got REQUEST_SKELETON from 1, sent ACK_SKELETON

[19:54:36 clock: 78 TID: 1 spec: BODY state: ACQUIRE_SKELETON] Got ACK_SKELETON from 6. Incrementing skeleton_queue_ack to 1 of 9 needed

[19:54:36 clock: 79 TID: 1 spec: BODY state: ACQUIRE_SKELETON] Got ACK_SKELETON from 5. Incrementing skeleton_queue_ack to 2 of 9 needed

[19:54:36 clock: 76 TID: 3 spec: HEAD state: AWAITING_START] Got REQUEST_SKELETON from 1, sent ACK_SKELETON

[19:54:36 clock: 80 TID: 1 spec: BODY state: ACQUIRE_SKELETON] Got ACK_SKELETON from 4. Incrementing skeleton_queue_ack to 3 of 9 needed

[19:54:36 clock: 81 TID: 1 spec: BODY state: ACQUIRE_SKELETON] Got ACK_SKELETON from 7. Incrementing skeleton_queue_ack to 4 of 9 needed

[19:54:36 clock: 82 TID: 1 spec: BODY state: ACQUIRE_SKELETON] Got ACK_SKELETON from 8. Incrementing skeleton_queue_ack to 5 of 9 needed

[19:54:36 clock: 83 TID: 1 spec: BODY state: ACQUIRE_SKELETON] Got ACK_SKELETON from 9. Incrementing skeleton_queue_ack to 6 of 9 needed

[19:54:36 clock: 84 TID: 1 spec: BODY state: ACQUIRE_SKELETON] Got ACK_SKELETON from 10. Incrementing skeleton_queue_ack to 7 of 9 needed

[19:54:36 clock: 85 TID: 1 spec: BODY state: ACQUIRE_SKELETON] Got ACK_SKELETON from 3. Incrementing skeleton_queue_ack to 8 of 9 needed

[19:54:36 clock: 86 TID: 1 spec: BODY state: ACQUIRE_SKELETON] Got ACK_SKELETON from 2. Incrementing skeleton_queue_ack to 9 of 9 needed

[19:54:36 clock: 86 TID: 1 spec: BODY state: ACQUIRE_SKELETON] Got all ACKs. Broadcasting SKELETON_TAKEN. Sending ACK_SKELETON to local queue. Sending START to partners ([2, 3] in job 0)

[19:54:36 clock: 88 TID: 10 spec: BODY state: AWAITING_JOB] Got SKELETON_TAKEN from 1. Decrementing skeleton count to 1

[19:54:36 clock: 88 TID: 3 spec: HEAD state: AWAITING_START] Got SKELETON_TAKEN from 1. Decrementing skeleton count to 1

[19:54:36 clock: 88 TID: 6 spec: HEAD state: AWAITING_JOB] Got SKELETON_TAKEN from 1. Decrementing skeleton count to 1

[19:54:36 clock: 88 TID: 2 spec: TAIL state: AWAITING_START] Got SKELETON_TAKEN from 1. Decrementing skeleton count to 1

[19:54:36 clock: 88 TID: 5 spec: TAIL state: AWAITING_JOB] Got SKELETON_TAKEN from 1. Decrementing skeleton count to 1

[19:54:36 clock: 88 TID: 4 spec: BODY state: AWAITING_JOB] Got SKELETON_TAKEN from 1. Decrementing skeleton count to 1

[19:54:36 clock: 88 TID: 7 spec: BODY state: AWAITING_JOB] Got SKELETON_TAKEN from 1. Decrementing skeleton count to 1

[19:54:36 clock: 88 TID: 8 spec: TAIL state: AWAITING_JOB] Got SKELETON_TAKEN from 1. Decrementing skeleton count to 1

[19:54:36 clock: 88 TID: 9 spec: HEAD state: AWAITING_JOB] Got SKELETON_TAKEN from 1. Decrementing skeleton count to 1

[19:54:36 clock: 76 TID: 11 spec: TAIL state: AWAITING_JOB] Got REQUEST_SKELETON from 1, sent ACK_SKELETON

[19:54:36 clock: 88 TID: 11 spec: TAIL state: AWAITING_JOB] Got SKELETON_TAKEN from 1. Decrementing skeleton count to 1

[19:54:39 clock: 127 TID: 4 spec: BODY state: ACQUIRE_SKELETON] Broadcasting REQUEST_SKELETON.

[19:54:39 clock: 129 TID: 1 spec: BODY state: REVIVING] Got REQUEST_SKELETON from 4, sent ACK_SKELETON

[19:54:39 clock: 129 TID: 2 spec: TAIL state: REVIVING] Got REQUEST_SKELETON from 4, sent ACK_SKELETON

[19:54:39 clock: 129 TID: 5 spec: TAIL state: AWAITING_START] Got REQUEST_SKELETON from 4, sent ACK_SKELETON

[19:54:39 clock: 129 TID: 3 spec: HEAD state: REVIVING] Got REQUEST_SKELETON from 4, sent ACK_SKELETON

[19:54:39 clock: 129 TID: 6 spec: HEAD state: AWAITING_START] Got REQUEST_SKELETON from 4, sent ACK_SKELETON

[19:54:39 clock: 129 TID: 7 spec: BODY state: AWAITING_JOB] Got REQUEST_SKELETON from 4, sent ACK_SKELETON

[19:54:39 clock: 129 TID: 8 spec: TAIL state: AWAITING_JOB] Got REQUEST_SKELETON from 4, sent ACK_SKELETON

[19:54:39 clock: 131 TID: 4 spec: BODY state: ACQUIRE_SKELETON] Got ACK_SKELETON from 5. Incrementing skeleton_queue_ack to 1 of 10 needed

[19:54:39 clock: 129 TID: 10 spec: BODY state: AWAITING_JOB] Got REQUEST_SKELETON from 4, sent ACK_SKELETON

[19:54:39 clock: 132 TID: 4 spec: BODY state: ACQUIRE_SKELETON] Got ACK_SKELETON from 2. Incrementing skeleton_queue_ack to 2 of 10 needed

[19:54:39 clock: 133 TID: 4 spec: BODY state: ACQUIRE_SKELETON] Got ACK_SKELETON from 1. Incrementing skeleton_queue_ack to 3 of 10 needed

[19:54:39 clock: 134 TID: 4 spec: BODY state: ACQUIRE_SKELETON] Got ACK_SKELETON from 3. Incrementing skeleton_queue_ack to 4 of 10 needed

[19:54:39 clock: 135 TID: 4 spec: BODY state: ACQUIRE_SKELETON] Got ACK_SKELETON from 6. Incrementing skeleton_queue_ack to 5 of 10 needed

[19:54:39 clock: 136 TID: 4 spec: BODY state: ACQUIRE_SKELETON] Got ACK_SKELETON from 7. Incrementing skeleton_queue_ack to 6 of 10 needed

[19:54:39 clock: 137 TID: 4 spec: BODY state: ACQUIRE_SKELETON] Got ACK_SKELETON from 8. Incrementing skeleton_queue_ack to 7 of 10 needed

[19:54:39 clock: 138 TID: 4 spec: BODY state: ACQUIRE_SKELETON] Got ACK_SKELETON from 10. Incrementing skeleton_queue_ack to 8 of 10 needed

[19:54:39 clock: 129 TID: 11 spec: TAIL state: AWAITING_JOB] Got REQUEST_SKELETON from 4, sent ACK_SKELETON

[19:54:39 clock: 139 TID: 4 spec: BODY state: ACQUIRE_SKELETON] Got ACK_SKELETON from 11. Incrementing skeleton_queue_ack to 9 of 10 needed

[19:54:39 clock: 129 TID: 9 spec: HEAD state: AWAITING_JOB] Got REQUEST_SKELETON from 4, sent ACK_SKELETON

[19:54:39 clock: 140 TID: 4 spec: BODY state: ACQUIRE_SKELETON] Got ACK_SKELETON from 9. Incrementing skeleton_queue_ack to 10 of 10 needed

[19:54:39 clock: 140 TID: 4 spec: BODY state: ACQUIRE_SKELETON] Got all ACKs. Broadcasting SKELETON_TAKEN. Sending ACK_SKELETON to local queue. Sending START to partners ([6, 5] in job 1)

[19:54:39 clock: 142 TID: 1 spec: BODY state: REVIVING] Got SKELETON_TAKEN from 4. Decrementing skeleton count to 0

[19:54:39 clock: 142 TID: 2 spec: TAIL state: REVIVING] Got SKELETON_TAKEN from 4. Decrementing skeleton count to 0

[19:54:39 clock: 142 TID: 9 spec: HEAD state: AWAITING_JOB] Got SKELETON_TAKEN from 4. Decrementing skeleton count to 0

[19:54:39 clock: 142 TID: 8 spec: TAIL state: AWAITING_JOB] Got SKELETON_TAKEN from 4. Decrementing skeleton count to 0

[19:54:39 clock: 142 TID: 10 spec: BODY state: AWAITING_JOB] Got SKELETON_TAKEN from 4. Decrementing skeleton count to 0

[19:54:39 clock: 142 TID: 5 spec: TAIL state: AWAITING_START] Got SKELETON_TAKEN from 4. Decrementing skeleton count to 0

[19:54:39 clock: 142 TID: 3 spec: HEAD state: REVIVING] Got SKELETON_TAKEN from 4. Decrementing skeleton count to 0

[19:54:39 clock: 142 TID: 6 spec: HEAD state: AWAITING_START] Got SKELETON_TAKEN from 4. Decrementing skeleton count to 0

[19:54:39 clock: 142 TID: 7 spec: BODY state: AWAITING_JOB] Got SKELETON_TAKEN from 4. Decrementing skeleton count to 0

[19:54:39 clock: 142 TID: 11 spec: TAIL state: AWAITING_JOB] Got SKELETON_TAKEN from 4. Decrementing skeleton count to 0

[19:54:42 clock: 197 TID: 7 spec: BODY state: ACQUIRE_SKELETON] Broadcasting REQUEST_SKELETON.

[19:54:42 clock: 199 TID: 9 spec: HEAD state: AWAITING_START] Got REQUEST_SKELETON from 7, sent ACK_SKELETON

[19:54:42 clock: 199 TID: 8 spec: TAIL state: AWAITING_START] Got REQUEST_SKELETON from 7, sent ACK_SKELETON

[19:54:42 clock: 199 TID: 5 spec: TAIL state: AWAITING_JOB] Got REQUEST_SKELETON from 7, sent ACK_SKELETON

[19:54:42 clock: 199 TID: 4 spec: BODY state: AWAITING_JOB] Got REQUEST_SKELETON from 7, sent ACK_SKELETON

[19:54:42 clock: 199 TID: 1 spec: BODY state: AWAITING_JOB] Got REQUEST_SKELETON from 7, sent ACK_SKELETON

[19:54:42 clock: 199 TID: 3 spec: HEAD state: AWAITING_JOB] Got REQUEST_SKELETON from 7, sent ACK_SKELETON

[19:54:42 clock: 199 TID: 6 spec: HEAD state: AWAITING_JOB] Got REQUEST_SKELETON from 7, sent ACK_SKELETON

[19:54:42 clock: 199 TID: 10 spec: BODY state: AWAITING_JOB] Got REQUEST_SKELETON from 7, sent ACK_SKELETON

[19:54:42 clock: 201 TID: 7 spec: BODY state: ACQUIRE_SKELETON] Got ACK_SKELETON from 3. Incrementing skeleton_queue_ack to 1 of 11 needed

[19:54:42 clock: 202 TID: 7 spec: BODY state: ACQUIRE_SKELETON] Got ACK_SKELETON from 5. Incrementing skeleton_queue_ack to 2 of 11 needed

[19:54:42 clock: 203 TID: 7 spec: BODY state: ACQUIRE_SKELETON] Got ACK_SKELETON from 4. Incrementing skeleton_queue_ack to 3 of 11 needed

[19:54:42 clock: 204 TID: 7 spec: BODY state: ACQUIRE_SKELETON] Got ACK_SKELETON from 6. Incrementing skeleton_queue_ack to 4 of 11 needed

[19:54:42 clock: 205 TID: 7 spec: BODY state: ACQUIRE_SKELETON] Got ACK_SKELETON from 9. Incrementing skeleton_queue_ack to 5 of 11 needed

[19:54:42 clock: 206 TID: 7 spec: BODY state: ACQUIRE_SKELETON] Got ACK_SKELETON from 10. Incrementing skeleton_queue_ack to 6 of 11 needed

[19:54:42 clock: 207 TID: 7 spec: BODY state: ACQUIRE_SKELETON] Got ACK_SKELETON from 1. Incrementing skeleton_queue_ack to 7 of 11 needed

[19:54:42 clock: 199 TID: 2 spec: TAIL state: AWAITING_JOB] Got REQUEST_SKELETON from 7, sent ACK_SKELETON

[19:54:42 clock: 208 TID: 7 spec: BODY state: ACQUIRE_SKELETON] Got ACK_SKELETON from 8. Incrementing skeleton_queue_ack to 8 of 11 needed

[19:54:42 clock: 209 TID: 7 spec: BODY state: ACQUIRE_SKELETON] Got ACK_SKELETON from 2. Incrementing skeleton_queue_ack to 9 of 11 needed

[19:54:42 clock: 199 TID: 11 spec: TAIL state: AWAITING_JOB] Got REQUEST_SKELETON from 7, sent ACK_SKELETON

[19:54:42 clock: 210 TID: 7 spec: BODY state: ACQUIRE_SKELETON] Got ACK_SKELETON from 11. Incrementing skeleton_queue_ack to 10 of 11 needed

[19:54:45 clock: 251 TID: 3 spec: HEAD state: ACQUIRE_SKELETON] Broadcasting REQUEST_SKELETON.

[19:54:45 clock: 253 TID: 6 spec: HEAD state: AWAITING_JOB] Got REQUEST_SKELETON from 3, sent ACK_SKELETON

[19:54:45 clock: 253 TID: 8 spec: TAIL state: AWAITING_START] Got REQUEST_SKELETON from 3, sent ACK_SKELETON

[19:54:45 clock: 253 TID: 5 spec: TAIL state: AWAITING_JOB] Got REQUEST_SKELETON from 3, sent ACK_SKELETON

[19:54:45 clock: 253 TID: 4 spec: BODY state: AWAITING_JOB] Got REQUEST_SKELETON from 3, sent ACK_SKELETON

[19:54:45 clock: 253 TID: 11 spec: TAIL state: AWAITING_START] Got REQUEST_SKELETON from 3, sent ACK_SKELETON

[19:54:45 clock: 253 TID: 1 spec: BODY state: AWAITING_JOB] Got REQUEST_SKELETON from 3, sent ACK_SKELETON

[19:54:45 clock: 253 TID: 7 spec: BODY state: ACQUIRE_SKELETON] Got REQUEST_SKELETON from 3. Adding it to local queue

[19:54:45 clock: 253 TID: 2 spec: TAIL state: AWAITING_JOB] Got REQUEST_SKELETON from 3, sent ACK_SKELETON

[19:54:45 clock: 253 TID: 10 spec: BODY state: AWAITING_START] Got REQUEST_SKELETON from 3, sent ACK_SKELETON

[19:54:45 clock: 253 TID: 9 spec: HEAD state: AWAITING_START] Got REQUEST_SKELETON from 3, sent ACK_SKELETON

[19:54:45 clock: 255 TID: 3 spec: HEAD state: ACQUIRE_SKELETON] Got ACK_SKELETON from 5. Incrementing skeleton_queue_ack to 1 of 11 needed

[19:54:45 clock: 256 TID: 3 spec: HEAD state: ACQUIRE_SKELETON] Got ACK_SKELETON from 1. Incrementing skeleton_queue_ack to 2 of 11 needed

[19:54:45 clock: 257 TID: 3 spec: HEAD state: ACQUIRE_SKELETON] Got ACK_SKELETON from 2. Incrementing skeleton_queue_ack to 3 of 11 needed

[19:54:45 clock: 258 TID: 3 spec: HEAD state: ACQUIRE_SKELETON] Got ACK_SKELETON from 4. Incrementing skeleton_queue_ack to 4 of 11 needed

[19:54:45 clock: 259 TID: 3 spec: HEAD state: ACQUIRE_SKELETON] Got ACK_SKELETON from 6. Incrementing skeleton_queue_ack to 5 of 11 needed

[19:54:45 clock: 260 TID: 3 spec: HEAD state: ACQUIRE_SKELETON] Got ACK_SKELETON from 8. Incrementing skeleton_queue_ack to 6 of 11 needed

[19:54:45 clock: 261 TID: 3 spec: HEAD state: ACQUIRE_SKELETON] Got ACK_SKELETON from 9. Incrementing skeleton_queue_ack to 7 of 11 needed

[19:54:45 clock: 262 TID: 3 spec: HEAD state: ACQUIRE_SKELETON] Got ACK_SKELETON from 10. Incrementing skeleton_queue_ack to 8 of 11 needed

[19:54:45 clock: 263 TID: 3 spec: HEAD state: ACQUIRE_SKELETON] Got ACK_SKELETON from 11. Incrementing skeleton_queue_ack to 9 of 11 needed

[19:54:48 clock: 293 TID: 1 spec: BODY state: ACQUIRE_SKELETON] Broadcasting REQUEST_SKELETON.

[19:54:48 clock: 295 TID: 2 spec: TAIL state: AWAITING_START] Got REQUEST_SKELETON from 1, sent ACK_SKELETON

[19:54:48 clock: 295 TID: 10 spec: BODY state: AWAITING_START] Got REQUEST_SKELETON from 1, sent ACK_SKELETON

[19:54:48 clock: 295 TID: 9 spec: HEAD state: AWAITING_START] Got REQUEST_SKELETON from 1, sent ACK_SKELETON

[19:54:48 clock: 295 TID: 6 spec: HEAD state: AWAITING_START] Got REQUEST_SKELETON from 1, sent ACK_SKELETON

[19:54:48 clock: 295 TID: 8 spec: TAIL state: AWAITING_START] Got REQUEST_SKELETON from 1, sent ACK_SKELETON

[19:54:48 clock: 295 TID: 5 spec: TAIL state: AWAITING_JOB] Got REQUEST_SKELETON from 1, sent ACK_SKELETON

[19:54:48 clock: 295 TID: 4 spec: BODY state: AWAITING_JOB] Got REQUEST_SKELETON from 1, sent ACK_SKELETON

[19:54:48 clock: 295 TID: 11 spec: TAIL state: AWAITING_START] Got REQUEST_SKELETON from 1, sent ACK_SKELETON

[19:54:48 clock: 295 TID: 3 spec: HEAD state: ACQUIRE_SKELETON] Got REQUEST_SKELETON from 1. Adding it to local queue

[19:54:48 clock: 295 TID: 7 spec: BODY state: ACQUIRE_SKELETON] Got REQUEST_SKELETON from 1. Adding it to local queue

[19:54:48 clock: 297 TID: 1 spec: BODY state: ACQUIRE_SKELETON] Got ACK_SKELETON from 4. Incrementing skeleton_queue_ack to 1 of 11 needed

[19:54:48 clock: 298 TID: 1 spec: BODY state: ACQUIRE_SKELETON] Got ACK_SKELETON from 11. Incrementing skeleton_queue_ack to 2 of 11 needed

[19:54:48 clock: 299 TID: 1 spec: BODY state: ACQUIRE_SKELETON] Got ACK_SKELETON from 2. Incrementing skeleton_queue_ack to 3 of 11 needed

[19:54:48 clock: 300 TID: 1 spec: BODY state: ACQUIRE_SKELETON] Got ACK_SKELETON from 5. Incrementing skeleton_queue_ack to 4 of 11 needed

[19:54:48 clock: 301 TID: 1 spec: BODY state: ACQUIRE_SKELETON] Got ACK_SKELETON from 6. Incrementing skeleton_queue_ack to 5 of 11 needed

[19:54:48 clock: 302 TID: 1 spec: BODY state: ACQUIRE_SKELETON] Got ACK_SKELETON from 8. Incrementing skeleton_queue_ack to 6 of 11 needed

[19:54:48 clock: 303 TID: 1 spec: BODY state: ACQUIRE_SKELETON] Got ACK_SKELETON from 9. Incrementing skeleton_queue_ack to 7 of 11 needed

[19:54:48 clock: 304 TID: 1 spec: BODY state: ACQUIRE_SKELETON] Got ACK_SKELETON from 10. Incrementing skeleton_queue_ack to 8 of 11 needed

